  [1m[35m (1814.5ms)[0m  [1m[35mCREATE DATABASE "CatShop_development" ENCODING = 'unicode'[0m
  [1m[35m (1211.0ms)[0m  [1m[35mCREATE DATABASE "CatShop_test" ENCODING = 'unicode'[0m
  [1m[35m (471.5ms)[0m  [1m[35mCREATE TABLE "schema_migrations" ("version" character varying NOT NULL PRIMARY KEY)[0m
  [1m[35m (162.9ms)[0m  [1m[35mCREATE TABLE "ar_internal_metadata" ("key" character varying NOT NULL PRIMARY KEY, "value" character varying, "created_at" timestamp(6) NOT NULL, "updated_at" timestamp(6) NOT NULL)[0m
  [1m[35m (12.9ms)[0m  [1m[34mSELECT pg_try_advisory_lock(6695254529977101165)[0m
  [1m[35m (0.5ms)[0m  [1m[34mSELECT "schema_migrations"."version" FROM "schema_migrations" ORDER BY "schema_migrations"."version" ASC[0m
Migrating to DeviseCreateUsers (20190902105231)
  [1m[35m (0.2ms)[0m  [1m[35mBEGIN[0m
  [1m[35m (208.5ms)[0m  [1m[35mCREATE TABLE "users" ("id" bigserial primary key, "email" character varying DEFAULT '' NOT NULL, "encrypted_password" character varying DEFAULT '' NOT NULL, "reset_password_token" character varying, "reset_password_sent_at" timestamp, "remember_created_at" timestamp, "created_at" timestamp(6) NOT NULL, "updated_at" timestamp(6) NOT NULL, "cart_id" bigint)[0m
  [1m[35m (70.2ms)[0m  [1m[35mCREATE  INDEX  "index_users_on_cart_id" ON "users"  ("cart_id")[0m
  [1m[35m (63.6ms)[0m  [1m[35mCREATE UNIQUE INDEX  "index_users_on_email" ON "users"  ("email")[0m
  [1m[35m (64.6ms)[0m  [1m[35mCREATE UNIQUE INDEX  "index_users_on_reset_password_token" ON "users"  ("reset_password_token")[0m
  [1m[36mprimary::SchemaMigration Create (0.5ms)[0m  [1m[32mINSERT INTO "schema_migrations" ("version") VALUES ($1) RETURNING "version"[0m  [["version", "20190902105231"]]
  [1m[35m (32.1ms)[0m  [1m[35mCOMMIT[0m
Migrating to CreateCarts (20190902111622)
  [1m[35m (0.2ms)[0m  [1m[35mBEGIN[0m
  [1m[35m (71.7ms)[0m  [1m[35mCREATE TABLE "carts" ("id" bigserial primary key, "user_id" bigint, "quantity" integer, "created_at" timestamp(6) NOT NULL, "updated_at" timestamp(6) NOT NULL)[0m
  [1m[35m (84.6ms)[0m  [1m[35mCREATE  INDEX  "index_carts_on_user_id" ON "carts"  ("user_id")[0m
  [1m[36mprimary::SchemaMigration Create (0.4ms)[0m  [1m[32mINSERT INTO "schema_migrations" ("version") VALUES ($1) RETURNING "version"[0m  [["version", "20190902111622"]]
  [1m[35m (22.2ms)[0m  [1m[35mCOMMIT[0m
Migrating to CreateOrders (20190902111637)
  [1m[35m (0.2ms)[0m  [1m[35mBEGIN[0m
  [1m[35m (73.6ms)[0m  [1m[35mCREATE TABLE "orders" ("id" bigserial primary key, "user_id" bigint, "created_at" timestamp(6) NOT NULL, "updated_at" timestamp(6) NOT NULL)[0m
  [1m[35m (62.2ms)[0m  [1m[35mCREATE  INDEX  "index_orders_on_user_id" ON "orders"  ("user_id")[0m
  [1m[36mprimary::SchemaMigration Create (0.3ms)[0m  [1m[32mINSERT INTO "schema_migrations" ("version") VALUES ($1) RETURNING "version"[0m  [["version", "20190902111637"]]
  [1m[35m (21.6ms)[0m  [1m[35mCOMMIT[0m
Migrating to CreateItems (20190902130506)
  [1m[35m (0.2ms)[0m  [1m[35mBEGIN[0m
  [1m[35m (150.6ms)[0m  [1m[35mCREATE TABLE "items" ("id" bigserial primary key, "title" character varying, "description" text, "price" float, "image_url" character varying, "cart_id" bigint, "created_at" timestamp(6) NOT NULL, "updated_at" timestamp(6) NOT NULL)[0m
  [1m[35m (62.4ms)[0m  [1m[35mCREATE  INDEX  "index_items_on_cart_id" ON "items"  ("cart_id")[0m
  [1m[36mprimary::SchemaMigration Create (0.4ms)[0m  [1m[32mINSERT INTO "schema_migrations" ("version") VALUES ($1) RETURNING "version"[0m  [["version", "20190902130506"]]
  [1m[35m (19.0ms)[0m  [1m[35mCOMMIT[0m
  [1m[36mActiveRecord::InternalMetadata Load (0.5ms)[0m  [1m[34mSELECT "ar_internal_metadata".* FROM "ar_internal_metadata" WHERE "ar_internal_metadata"."key" = $1 LIMIT $2[0m  [["key", "environment"], ["LIMIT", 1]]
  [1m[35m (0.2ms)[0m  [1m[35mBEGIN[0m
  [1m[36mActiveRecord::InternalMetadata Create (0.6ms)[0m  [1m[32mINSERT INTO "ar_internal_metadata" ("key", "value", "created_at", "updated_at") VALUES ($1, $2, $3, $4) RETURNING "key"[0m  [["key", "environment"], ["value", "development"], ["created_at", "2019-09-02 13:36:55.567535"], ["updated_at", "2019-09-02 13:36:55.567535"]]
  [1m[35m (22.8ms)[0m  [1m[35mCOMMIT[0m
  [1m[35m (0.4ms)[0m  [1m[34mSELECT pg_advisory_unlock(6695254529977101165)[0m
  [1m[35m (0.5ms)[0m  [1m[34mSELECT "schema_migrations"."version" FROM "schema_migrations" ORDER BY "schema_migrations"."version" ASC[0m
Started GET "/" for ::1 at 2019-09-02 16:37:11 +0300
  [1m[35m (0.6ms)[0m  [1m[34mSELECT "schema_migrations"."version" FROM "schema_migrations" ORDER BY "schema_migrations"."version" ASC[0m
Processing by Rails::WelcomeController#index as HTML
  Rendering /home/dev/.rbenv/versions/2.6.3/lib/ruby/gems/2.6.0/gems/railties-6.0.0/lib/rails/templates/rails/welcome/index.html.erb
  Rendered /home/dev/.rbenv/versions/2.6.3/lib/ruby/gems/2.6.0/gems/railties-6.0.0/lib/rails/templates/rails/welcome/index.html.erb (Duration: 29.6ms | Allocations: 486)
Completed 200 OK in 132ms (Views: 74.9ms | ActiveRecord: 0.0ms | Allocations: 2783)


Started GET "/" for ::1 at 2019-09-02 16:37:14 +0300
Processing by Rails::WelcomeController#index as HTML
  Rendering /home/dev/.rbenv/versions/2.6.3/lib/ruby/gems/2.6.0/gems/railties-6.0.0/lib/rails/templates/rails/welcome/index.html.erb
  Rendered /home/dev/.rbenv/versions/2.6.3/lib/ruby/gems/2.6.0/gems/railties-6.0.0/lib/rails/templates/rails/welcome/index.html.erb (Duration: 7.8ms | Allocations: 191)
Completed 200 OK in 11ms (Views: 10.2ms | ActiveRecord: 0.0ms | Allocations: 798)


